<?xml version="1.0" encoding="UTF-8"?>
<testsuite name="Cucumber" time="13.802" tests="2" skipped="0" failures="1" errors="0">
<testcase classname="hooks_test" name="TC01_google_iphone_arama" time="7.594">
<failure type="java.lang.AssertionError">
<![CDATA[java.lang.AssertionError
	at org.junit.Assert.fail(Assert.java:87)
	at org.junit.Assert.assertTrue(Assert.java:42)
	at org.junit.Assert.assertTrue(Assert.java:53)
	at stepdefinitions.GoogleStepDefinitions.sonuclarda_oldugunu_dogrular(GoogleStepDefinitions.java:59)
	at âœ½.sonuclarda "mazda" oldugunu dogrular(file:///C:/Users/asus/IdeaProjects/batch103Cucumber/./src/test/resources/features/day06_failed_scenarios.feature:9)
]]>
</failure>
<system-out><![CDATA[
Given kullanici google gider................................................passed
When kullanici "iphone" icin arama yapar....................................passed
Then sonuclarda "mazda" oldugunu dogrular...................................failed
Then close the application..................................................skipped
]]></system-out>
</testcase>
<testcase classname="hooks_test" name="TC02_google_tesla_arama" time="5.888">
<system-out><![CDATA[
Given kullanici google gider................................................passed
When kullanici "tesla" icin arama yapar.....................................passed
Then sonuclarda "tesla" oldugunu dogrular...................................passed
Then ekran goruntusu al.....................................................passed
Then close the application..................................................passed
]]></system-out>
</testcase>
</testsuite>
